<?xml version="1.0" encoding="UTF-8"?>
<testsuite xmlns:xsi="http://www.w3.org/2001/XMLSchema-instance" xsi:noNamespaceSchemaLocation="https://maven.apache.org/surefire/maven-surefire-plugin/xsd/surefire-test-report-3.0.xsd" version="3.0" name="flightapp.FlightServiceTest" time="96.263" tests="5" errors="0" skipped="0" failures="0">
  <properties>
[...]
</properties>
  <testcase name="runTest[0]" classname="flightapp.FlightServiceTest" time="19.054">
    <system-out><![CDATA[Running test setup...
... using dbconn.properties for test credentials
... resetting database (ie, dropping all tables with suffix: dingmo)
... running createTables.sql

Starting tests
Running test file: C:\Users\mingd\Documents\344\project\cases\no_transaction\pay\pay_already.test.txt
]]></system-out>
  </testcase>
  <testcase name="runTest[1]" classname="flightapp.FlightServiceTest" time="17.382">
    <system-out><![CDATA[Running test file: C:\Users\mingd\Documents\344\project\cases\no_transaction\pay\pay_basic.test.txt
]]></system-out>
  </testcase>
  <testcase name="runTest[2]" classname="flightapp.FlightServiceTest" time="21.912">
    <system-out><![CDATA[Running test file: C:\Users\mingd\Documents\344\project\cases\no_transaction\pay\pay_indirectFlightsItinerary.test.txt
]]></system-out>
  </testcase>
  <testcase name="runTest[3]" classname="flightapp.FlightServiceTest" time="18.489">
    <system-out><![CDATA[Running test file: C:\Users\mingd\Documents\344\project\cases\no_transaction\pay\pay_insufficient.test.txt
]]></system-out>
  </testcase>
  <testcase name="runTest[4]" classname="flightapp.FlightServiceTest" time="17.423">
    <system-out><![CDATA[Running test file: C:\Users\mingd\Documents\344\project\cases\no_transaction\pay\pay_notlogged.test.txt
]]></system-out>
  </testcase>
</testsuite>